<?xml version="1.0" encoding="UTF-8"?>
<!-- Generated by org.testng.reporters.JUnitXMLReporter -->
<testsuite ignored="0" hostname="sys" failures="0" tests="3" name="Add Customer Test" time="1.153" errors="0" timestamp="03 Dec 2021 18:59:02 GMT">
  <testcase classname="testcases.AddCustomerTest" name="addCustomer" time="0.64"/>
  <testcase classname="testcases.AddCustomerTest" name="addCustomer" time="0.225"/>
  <testcase classname="testcases.AddCustomerTest" name="addCustomer" time="0.214"/>
</testsuite> <!-- Add Customer Test -->
